1492652151741	geckodriver	INFO	Listening on 127.0.0.1:53813
1492652153761	mozprofile::profile	INFO	Using profile path C:\Users\bzalakos\AppData\Local\Temp\rust_mozprofile.cO48oib8eZBo
1492652153768	geckodriver::marionette	INFO	Starting browser C:\Program Files (x86)\Mozilla Firefox\firefox.exe with args []
1492652153781	geckodriver::marionette	INFO	Connecting to Marionette on localhost:53823
1492652156714	Marionette	INFO	Listening on port 53823
1492652156907	Marionette	WARN	TLS certificate errors will be ignored for this session
[GPU 8288] WARNING: pipe error: 109: file c:/builds/moz2_slave/m-rel-w32-00000000000000000000/build/src/ipc/chromium/src/chrome/common/ipc_channel_win.cc, line 346
[GPU 8288] WARNING: pipe error: 109: file c:/builds/moz2_slave/m-rel-w32-00000000000000000000/build/src/ipc/chromium/src/chrome/common/ipc_channel_win.cc, line 346
[GPU 8288] WARNING: pipe error: 109: file c:/builds/moz2_slave/m-rel-w32-00000000000000000000/build/src/ipc/chromium/src/chrome/common/ipc_channel_win.cc, line 346
[Child 7128] WARNING: pipe error: 109: file c:/builds/moz2_slave/m-rel-w32-00000000000000000000/build/src/ipc/chromium/src/chrome/common/ipc_channel_win.cc, line 346
[Child 7128] WARNING: pipe error: 109: file c:/builds/moz2_slave/m-rel-w32-00000000000000000000/build/src/ipc/chromium/src/chrome/common/ipc_channel_win.cc, line 346

###!!! [Child][MessageChannel::SendAndWait] Error: Channel error: cannot send/recv

1492671881883	geckodriver	INFO	Listening on 127.0.0.1:53198
1492671883936	mozprofile::profile	INFO	Using profile path C:\Users\bzalakos\AppData\Local\Temp\rust_mozprofile.dRLGpqJ1C6nw
1492671883944	geckodriver::marionette	INFO	Starting browser C:\Program Files (x86)\Mozilla Firefox\firefox.exe with args []
1492671883960	geckodriver::marionette	INFO	Connecting to Marionette on localhost:53204
1492671886551	Marionette	INFO	Listening on port 53204
1492671887092	Marionette	WARN	TLS certificate errors will be ignored for this session
*************************
A coding exception was thrown and uncaught in a Task.

Full message: TypeError: NetworkError when attempting to fetch resource.
Full stack: 
*************************
[GPU 11140] WARNING: pipe error: 109: file c:/builds/moz2_slave/m-rel-w32-00000000000000000000/build/src/ipc/chromium/src/chrome/common/ipc_channel_win.cc, line 346
[Child 7708] WARNING: pipe error: 109: file c:/builds/moz2_slave/m-rel-w32-00000000000000000000/build/src/ipc/chromium/src/chrome/common/ipc_channel_win.cc, line 346
[Child 7708] WARNING: pipe error: 109: file c:/builds/moz2_slave/m-rel-w32-00000000000000000000/build/src/ipc/chromium/src/chrome/common/ipc_channel_win.cc, line 346
1492676215773	geckodriver	INFO	Listening on 127.0.0.1:58208
1492676217767	mozprofile::profile	INFO	Using profile path C:\Users\bzalakos\AppData\Local\Temp\rust_mozprofile.GdG16nBHDXxI
1492676217776	geckodriver::marionette	INFO	Starting browser C:\Program Files (x86)\Mozilla Firefox\firefox.exe with args []
1492676217790	geckodriver::marionette	INFO	Connecting to Marionette on localhost:58216
1492676221666	Marionette	INFO	Listening on port 58216
1492676221982	Marionette	WARN	TLS certificate errors will be ignored for this session
console.error: 
  Message: Error: Connection closed, pending request to server1.conn0.child1/highlighter32, type hideBoxModel failed

Request stack:
request@resource://gre/modules/commonjs/toolkit/loader.js -> resource://devtools/shared/protocol.js:1269:14
generateRequestMethods/</frontProto[name]@resource://gre/modules/commonjs/toolkit/loader.js -> resource://devtools/shared/protocol.js:1426:14
exports.getHighlighterUtils/exported.unhighlight<@resource://gre/modules/commonjs/toolkit/loader.js -> resource://devtools/client/framework/toolbox-highlighter-utils.js:290:13
_run@resource://gre/modules/commonjs/toolkit/loader.js -> resource://devtools/shared/task.js:311:39
TaskImpl@resource://gre/modules/commonjs/toolkit/loader.js -> resource://devtools/shared/task.js:273:3
asyncFunction@resource://gre/modules/commonjs/toolkit/loader.js -> resource://devtools/shared/task.js:247:14
unhighlightDomNode/<@resource://gre/modules/commonjs/toolkit/loader.js -> resource://devtools/client/webconsole/console-output.js:3246:14
process@resource://gre/modules/Promise.jsm -> resource://gre/modules/Promise-backend.js:917:23
walkerLoop@resource://gre/modules/Promise.jsm -> resource://gre/modules/Promise-backend.js:801:7
scheduleWalkerLoop/<@resource://gre/modules/Promise.jsm -> resource://gre/modules/Promise-backend.js:737:11

  Stack:
    destroy@resource://gre/modules/commonjs/toolkit/loader.js -> resource://devtools/shared/protocol.js:1212:23
destroy@resource://gre/modules/commonjs/toolkit/loader.js -> resource://devtools/shared/protocol.js:851:9
destroy@resource://gre/modules/commonjs/toolkit/loader.js -> resource://devtools/shared/protocol.js:1214:5
destroy@resource://gre/modules/commonjs/toolkit/loader.js -> resource://devtools/shared/fronts/inspector.js:963:5
destroyInspector/this._destroyingInspector<@resource://gre/modules/commonjs/toolkit/loader.js -> resource://devtools/client/framework/toolbox.js:2195:13
_run@resource://gre/modules/commonjs/toolkit/loader.js -> resource://devtools/shared/task.js:311:39
process@resource://gre/modules/Promise.jsm -> resource://gre/modules/Promise-backend.js:917:23
walkerLoop@resource://gre/modules/Promise.jsm -> resource://gre/modules/Promise-backend.js:801:7
scheduleWalkerLoop/<@resource://gre/modules/Promise.jsm -> resource://gre/modules/Promise-backend.js:737:11

[Child 8724] WARNING: pipe error: 109: file c:/builds/moz2_slave/m-rel-w32-00000000000000000000/build/src/ipc/chromium/src/chrome/common/ipc_channel_win.cc, line 346
[Child 8724] WARNING: pipe error: 109: file c:/builds/moz2_slave/m-rel-w32-00000000000000000000/build/src/ipc/chromium/src/chrome/common/ipc_channel_win.cc, line 346
[GPU 11256] WARNING: pipe error: 109: file c:/builds/moz2_slave/m-rel-w32-00000000000000000000/build/src/ipc/chromium/src/chrome/common/ipc_channel_win.cc, line 346

###!!! [Child][MessageChannel::SendAndWait] Error: Channel error: cannot send/recv

